<?xml version="1.0" encoding="UTF-8"?>
<!-- Generated by org.testng.reporters.JUnitReportReporter -->
<testsuite hostname="user-PC" failures="0" tests="2" name="pom.LoginTest2" time="5.162" errors="0" timestamp="2023-10-15T18:04:51 IST" skipped="0">
  <testcase classname="pom.LoginTest2" name="testLogo" time="0.299"/>
  <system-out/>
  <testcase classname="pom.LoginTest2" name="testLogin" time="4.863"/>
  <system-out/>
</testsuite> <!-- pom.LoginTest2 -->
