<?xml version="1.0" encoding="UTF-8"?>
<!-- Generated by org.testng.reporters.JUnitReportReporter -->
<testsuite hostname="user-PC" failures="0" tests="2" name="tesNGPractice.AllAnnotations" time="0.024" errors="0" timestamp="2024-01-11T03:05:15 IST" skipped="0">
  <testcase classname="tesNGPractice.AllAnnotations" name="tm1" time="0.018"/>
  <system-out/>
  <testcase classname="tesNGPractice.AllAnnotations" name="tm2" time="0.006"/>
  <system-out/>
</testsuite> <!-- tesNGPractice.AllAnnotations -->
