<?xml version="1.0" encoding="UTF-8"?>
<!-- Generated by org.testng.reporters.JUnitReportReporter -->
<testsuite hostname="user-PC" failures="0" tests="5" name="tesNGPractice.InvocationCount" time="0.031" errors="0" timestamp="2023-10-13T00:42:20 IST" skipped="0">
  <testcase classname="tesNGPractice.InvocationCount" name="test" time="0.020"/>
  <system-out/>
  <testcase classname="tesNGPractice.InvocationCount" name="test" time="0.003"/>
  <system-out/>
  <testcase classname="tesNGPractice.InvocationCount" name="test" time="0.002"/>
  <system-out/>
  <testcase classname="tesNGPractice.InvocationCount" name="test" time="0.004"/>
  <system-out/>
  <testcase classname="tesNGPractice.InvocationCount" name="test" time="0.002"/>
  <system-out/>
</testsuite> <!-- tesNGPractice.InvocationCount -->
