<?xml version="1.0" encoding="UTF-8"?>
<!-- Generated by org.testng.reporters.JUnitReportReporter -->
<testsuite hostname="user-PC" failures="0" tests="3" name="tesNGPractice.Grouping" time="0.030" errors="0" timestamp="2023-10-12T21:41:58 IST" skipped="0">
  <testcase classname="tesNGPractice.Grouping" name="loginByfacebook" time="0.024"/>
  <system-out/>
  <testcase classname="tesNGPractice.Grouping" name="loginBytwitter" time="0.003"/>
  <system-out/>
  <testcase classname="tesNGPractice.Grouping" name="paymentindollar" time="0.003"/>
  <system-out/>
</testsuite> <!-- tesNGPractice.Grouping -->
