<?xml version="1.0" encoding="UTF-8"?>
<!-- Generated by org.testng.reporters.JUnitReportReporter -->
<testsuite hostname="user-PC" failures="0" tests="3" name="tesNGPractice.Listners.NopCommerceTests" time="13.014" errors="0" timestamp="2023-10-13T01:42:29 IST" skipped="0">
  <testcase classname="tesNGPractice.Listners.NopCommerceTests" name="testLogo" time="0.095"/>
  <system-out/>
  <testcase classname="tesNGPractice.Listners.NopCommerceTests" name="testLogin" time="8.113"/>
  <system-out/>
  <testcase classname="tesNGPractice.Listners.NopCommerceTests" name="testLogout" time="4.806"/>
  <system-out/>
</testsuite> <!-- tesNGPractice.Listners.NopCommerceTests -->
