<?xml version="1.0" encoding="UTF-8"?>
<!-- Generated by org.testng.reporters.JUnitReportReporter -->
<testsuite hostname="user-PC" failures="0" tests="2" name="pom.LoginTest" time="2.095" errors="0" timestamp="2024-01-16T19:19:32 IST" skipped="0">
  <testcase classname="pom.LoginTest" name="testLogo" time="0.133"/>
  <system-out/>
  <testcase classname="pom.LoginTest" name="testLogin" time="1.962"/>
  <system-out/>
</testsuite> <!-- pom.LoginTest -->
